<?xml version="1.0" encoding="UTF-8"?>
<!-- Generated by org.testng.reporters.JUnitXMLReporter -->
<testsuite hostname="niklas-VirtualBox" name="Surefire test" tests="30" failures="0" timestamp="11 Dec 2017 09:08:36 GMT" time="1.698" errors="0">
  <testcase name="testPiPositiveNumbers on testPiPositiveNumbers(com.example.maven.calculator_niklass.CalculatorAdvancedOperationsTest)" time="0.192" classname="com.example.maven.calculator_niklass.CalculatorAdvancedOperationsTest"/>
  <testcase name="testSquarePositiveNumbers on testSquarePositiveNumbers(com.example.maven.calculator_niklass.CalculatorAdvancedOperationsTest)" time="0.129" classname="com.example.maven.calculator_niklass.CalculatorAdvancedOperationsTest"/>
  <testcase name="testPiNegativeNumbers on testPiNegativeNumbers(com.example.maven.calculator_niklass.CalculatorAdvancedOperationsTest)" time="0.075" classname="com.example.maven.calculator_niklass.CalculatorAdvancedOperationsTest"/>
  <testcase name="testSquareNegativeNumbers on testSquareNegativeNumbers(com.example.maven.calculator_niklass.CalculatorAdvancedOperationsTest)" time="0.07" classname="com.example.maven.calculator_niklass.CalculatorAdvancedOperationsTest"/>
  <testcase name="testPiZeros on testPiZeros(com.example.maven.calculator_niklass.CalculatorAdvancedOperationsTest)" time="0.0" classname="com.example.maven.calculator_niklass.CalculatorAdvancedOperationsTest"/>
  <testcase name="testPercentageZeros on testPercentageZeros(com.example.maven.calculator_niklass.CalculatorAdvancedOperationsTest)" time="0.157" classname="com.example.maven.calculator_niklass.CalculatorAdvancedOperationsTest"/>
  <testcase name="testCubeZeros on testCubeZeros(com.example.maven.calculator_niklass.CalculatorAdvancedOperationsTest)" time="0.007" classname="com.example.maven.calculator_niklass.CalculatorAdvancedOperationsTest"/>
  <testcase name="testSquareZeros on testSquareZeros(com.example.maven.calculator_niklass.CalculatorAdvancedOperationsTest)" time="0.0" classname="com.example.maven.calculator_niklass.CalculatorAdvancedOperationsTest"/>
  <testcase name="testPercentagePositiveNumbers on testPercentagePositiveNumbers(com.example.maven.calculator_niklass.CalculatorAdvancedOperationsTest)" time="0.053" classname="com.example.maven.calculator_niklass.CalculatorAdvancedOperationsTest"/>
  <testcase name="testSqrtZeros on testSqrtZeros(com.example.maven.calculator_niklass.CalculatorAdvancedOperationsTest)" time="0.001" classname="com.example.maven.calculator_niklass.CalculatorAdvancedOperationsTest"/>
  <testcase name="testPercentageNegativeNumbers on testPercentageNegativeNumbers(com.example.maven.calculator_niklass.CalculatorAdvancedOperationsTest)" time="0.148" classname="com.example.maven.calculator_niklass.CalculatorAdvancedOperationsTest"/>
  <testcase name="testRaisedToThePowerOfZeros on testRaisedToThePowerOfZeros(com.example.maven.calculator_niklass.CalculatorAdvancedOperationsTest)" time="0.001" classname="com.example.maven.calculator_niklass.CalculatorAdvancedOperationsTest"/>
  <testcase name="testCubePositiveNumbers on testCubePositiveNumbers(com.example.maven.calculator_niklass.CalculatorAdvancedOperationsTest)" time="0.031" classname="com.example.maven.calculator_niklass.CalculatorAdvancedOperationsTest"/>
  <testcase name="testSqrtPositiveNumbers on testSqrtPositiveNumbers(com.example.maven.calculator_niklass.CalculatorAdvancedOperationsTest)" time="0.039" classname="com.example.maven.calculator_niklass.CalculatorAdvancedOperationsTest"/>
  <testcase name="testCubeNegativeNumbers on testCubeNegativeNumbers(com.example.maven.calculator_niklass.CalculatorAdvancedOperationsTest)" time="0.041" classname="com.example.maven.calculator_niklass.CalculatorAdvancedOperationsTest"/>
  <testcase name="testSqrtNegativeNumbers on testSqrtNegativeNumbers(com.example.maven.calculator_niklass.CalculatorAdvancedOperationsTest)" time="0.023" classname="com.example.maven.calculator_niklass.CalculatorAdvancedOperationsTest"/>
  <testcase name="testRaisedToThePowerOfPositiveNumbers on testRaisedToThePowerOfPositiveNumbers(com.example.maven.calculator_niklass.CalculatorAdvancedOperationsTest)" time="0.033" classname="com.example.maven.calculator_niklass.CalculatorAdvancedOperationsTest"/>
  <testcase name="testRaisedToThePowerOfNegativeNumbers on testRaisedToThePowerOfNegativeNumbers(com.example.maven.calculator_niklass.CalculatorAdvancedOperationsTest)" time="0.09" classname="com.example.maven.calculator_niklass.CalculatorAdvancedOperationsTest"/>
  <testcase name="testmultiplicationPositiveNumbers on testmultiplicationPositiveNumbers(com.example.maven.calculator_niklass.CalculatorBasicOperationsTest)" time="0.027" classname="com.example.maven.calculator_niklass.CalculatorBasicOperationsTest"/>
  <testcase name="testsubtractionZeros on testsubtractionZeros(com.example.maven.calculator_niklass.CalculatorBasicOperationsTest)" time="0.028" classname="com.example.maven.calculator_niklass.CalculatorBasicOperationsTest"/>
  <testcase name="testmultiplicationNegativeNumbers on testmultiplicationNegativeNumbers(com.example.maven.calculator_niklass.CalculatorBasicOperationsTest)" time="0.025" classname="com.example.maven.calculator_niklass.CalculatorBasicOperationsTest"/>
  <testcase name="testadditionPositiveNumbers on testadditionPositiveNumbers(com.example.maven.calculator_niklass.CalculatorBasicOperationsTest)" time="0.028" classname="com.example.maven.calculator_niklass.CalculatorBasicOperationsTest"/>
  <testcase name="testadditionNegativeNumbers on testadditionNegativeNumbers(com.example.maven.calculator_niklass.CalculatorBasicOperationsTest)" time="0.016" classname="com.example.maven.calculator_niklass.CalculatorBasicOperationsTest"/>
  <testcase name="testmultiplicationZeros on testmultiplicationZeros(com.example.maven.calculator_niklass.CalculatorBasicOperationsTest)" time="0.048" classname="com.example.maven.calculator_niklass.CalculatorBasicOperationsTest"/>
  <testcase name="testsubtractionPositiveNumbers on testsubtractionPositiveNumbers(com.example.maven.calculator_niklass.CalculatorBasicOperationsTest)" time="0.014" classname="com.example.maven.calculator_niklass.CalculatorBasicOperationsTest"/>
  <testcase name="testdivisionZeros on testdivisionZeros(com.example.maven.calculator_niklass.CalculatorBasicOperationsTest)" time="0.072" classname="com.example.maven.calculator_niklass.CalculatorBasicOperationsTest"/>
  <testcase name="testsubtractionNegativeNumbers on testsubtractionNegativeNumbers(com.example.maven.calculator_niklass.CalculatorBasicOperationsTest)" time="0.027" classname="com.example.maven.calculator_niklass.CalculatorBasicOperationsTest"/>
  <testcase name="testdivisionPositiveNumbers on testdivisionPositiveNumbers(com.example.maven.calculator_niklass.CalculatorBasicOperationsTest)" time="0.04" classname="com.example.maven.calculator_niklass.CalculatorBasicOperationsTest"/>
  <testcase name="testdivisionNegativeNumbers on testdivisionNegativeNumbers(com.example.maven.calculator_niklass.CalculatorBasicOperationsTest)" time="0.027" classname="com.example.maven.calculator_niklass.CalculatorBasicOperationsTest"/>
  <testcase name="testadditionZeros on testadditionZeros(com.example.maven.calculator_niklass.CalculatorBasicOperationsTest)" time="0.051" classname="com.example.maven.calculator_niklass.CalculatorBasicOperationsTest"/>
</testsuite> <!-- Surefire test -->
