<?xml version="1.0" encoding="UTF-8"?>
<testsuite name="TestSuite" time="1.504" tests="30" errors="0" skipped="0" failures="0">
  <properties>
[...]
</properties>
  <testcase name="testPiPositiveNumbers on testPiPositiveNumbers(com.example.maven.calculator_niklass.CalculatorAdvancedOperationsTest)" classname="com.example.maven.calculator_niklass.CalculatorAdvancedOperationsTest" time="0.189"/>
  <testcase name="testSquarePositiveNumbers on testSquarePositiveNumbers(com.example.maven.calculator_niklass.CalculatorAdvancedOperationsTest)" classname="com.example.maven.calculator_niklass.CalculatorAdvancedOperationsTest" time="0.129"/>
  <testcase name="testPiNegativeNumbers on testPiNegativeNumbers(com.example.maven.calculator_niklass.CalculatorAdvancedOperationsTest)" classname="com.example.maven.calculator_niklass.CalculatorAdvancedOperationsTest" time="0.075"/>
  <testcase name="testSquareNegativeNumbers on testSquareNegativeNumbers(com.example.maven.calculator_niklass.CalculatorAdvancedOperationsTest)" classname="com.example.maven.calculator_niklass.CalculatorAdvancedOperationsTest" time="0.07"/>
  <testcase name="testPiZeros on testPiZeros(com.example.maven.calculator_niklass.CalculatorAdvancedOperationsTest)" classname="com.example.maven.calculator_niklass.CalculatorAdvancedOperationsTest" time="0"/>
  <testcase name="testPercentageZeros on testPercentageZeros(com.example.maven.calculator_niklass.CalculatorAdvancedOperationsTest)" classname="com.example.maven.calculator_niklass.CalculatorAdvancedOperationsTest" time="0.157"/>
  <testcase name="testCubeZeros on testCubeZeros(com.example.maven.calculator_niklass.CalculatorAdvancedOperationsTest)" classname="com.example.maven.calculator_niklass.CalculatorAdvancedOperationsTest" time="0.006"/>
  <testcase name="testSquareZeros on testSquareZeros(com.example.maven.calculator_niklass.CalculatorAdvancedOperationsTest)" classname="com.example.maven.calculator_niklass.CalculatorAdvancedOperationsTest" time="0"/>
  <testcase name="testPercentagePositiveNumbers on testPercentagePositiveNumbers(com.example.maven.calculator_niklass.CalculatorAdvancedOperationsTest)" classname="com.example.maven.calculator_niklass.CalculatorAdvancedOperationsTest" time="0.053"/>
  <testcase name="testSqrtZeros on testSqrtZeros(com.example.maven.calculator_niklass.CalculatorAdvancedOperationsTest)" classname="com.example.maven.calculator_niklass.CalculatorAdvancedOperationsTest" time="0.001"/>
  <testcase name="testPercentageNegativeNumbers on testPercentageNegativeNumbers(com.example.maven.calculator_niklass.CalculatorAdvancedOperationsTest)" classname="com.example.maven.calculator_niklass.CalculatorAdvancedOperationsTest" time="0.148"/>
  <testcase name="testRaisedToThePowerOfZeros on testRaisedToThePowerOfZeros(com.example.maven.calculator_niklass.CalculatorAdvancedOperationsTest)" classname="com.example.maven.calculator_niklass.CalculatorAdvancedOperationsTest" time="0.001"/>
  <testcase name="testCubePositiveNumbers on testCubePositiveNumbers(com.example.maven.calculator_niklass.CalculatorAdvancedOperationsTest)" classname="com.example.maven.calculator_niklass.CalculatorAdvancedOperationsTest" time="0.031"/>
  <testcase name="testSqrtPositiveNumbers on testSqrtPositiveNumbers(com.example.maven.calculator_niklass.CalculatorAdvancedOperationsTest)" classname="com.example.maven.calculator_niklass.CalculatorAdvancedOperationsTest" time="0.039"/>
  <testcase name="testCubeNegativeNumbers on testCubeNegativeNumbers(com.example.maven.calculator_niklass.CalculatorAdvancedOperationsTest)" classname="com.example.maven.calculator_niklass.CalculatorAdvancedOperationsTest" time="0.041"/>
  <testcase name="testSqrtNegativeNumbers on testSqrtNegativeNumbers(com.example.maven.calculator_niklass.CalculatorAdvancedOperationsTest)" classname="com.example.maven.calculator_niklass.CalculatorAdvancedOperationsTest" time="0.023"/>
  <testcase name="testRaisedToThePowerOfPositiveNumbers on testRaisedToThePowerOfPositiveNumbers(com.example.maven.calculator_niklass.CalculatorAdvancedOperationsTest)" classname="com.example.maven.calculator_niklass.CalculatorAdvancedOperationsTest" time="0.033"/>
  <testcase name="testRaisedToThePowerOfNegativeNumbers on testRaisedToThePowerOfNegativeNumbers(com.example.maven.calculator_niklass.CalculatorAdvancedOperationsTest)" classname="com.example.maven.calculator_niklass.CalculatorAdvancedOperationsTest" time="0.09"/>
  <testcase name="testmultiplicationPositiveNumbers on testmultiplicationPositiveNumbers(com.example.maven.calculator_niklass.CalculatorBasicOperationsTest)" classname="com.example.maven.calculator_niklass.CalculatorBasicOperationsTest" time="0.027"/>
  <testcase name="testsubtractionZeros on testsubtractionZeros(com.example.maven.calculator_niklass.CalculatorBasicOperationsTest)" classname="com.example.maven.calculator_niklass.CalculatorBasicOperationsTest" time="0.028"/>
  <testcase name="testmultiplicationNegativeNumbers on testmultiplicationNegativeNumbers(com.example.maven.calculator_niklass.CalculatorBasicOperationsTest)" classname="com.example.maven.calculator_niklass.CalculatorBasicOperationsTest" time="0.039"/>
  <testcase name="testadditionPositiveNumbers on testadditionPositiveNumbers(com.example.maven.calculator_niklass.CalculatorBasicOperationsTest)" classname="com.example.maven.calculator_niklass.CalculatorBasicOperationsTest" time="0.029"/>
  <testcase name="testadditionNegativeNumbers on testadditionNegativeNumbers(com.example.maven.calculator_niklass.CalculatorBasicOperationsTest)" classname="com.example.maven.calculator_niklass.CalculatorBasicOperationsTest" time="0.016"/>
  <testcase name="testmultiplicationZeros on testmultiplicationZeros(com.example.maven.calculator_niklass.CalculatorBasicOperationsTest)" classname="com.example.maven.calculator_niklass.CalculatorBasicOperationsTest" time="0.048"/>
  <testcase name="testsubtractionPositiveNumbers on testsubtractionPositiveNumbers(com.example.maven.calculator_niklass.CalculatorBasicOperationsTest)" classname="com.example.maven.calculator_niklass.CalculatorBasicOperationsTest" time="0.014"/>
  <testcase name="testdivisionZeros on testdivisionZeros(com.example.maven.calculator_niklass.CalculatorBasicOperationsTest)" classname="com.example.maven.calculator_niklass.CalculatorBasicOperationsTest" time="0.072"/>
  <testcase name="testsubtractionNegativeNumbers on testsubtractionNegativeNumbers(com.example.maven.calculator_niklass.CalculatorBasicOperationsTest)" classname="com.example.maven.calculator_niklass.CalculatorBasicOperationsTest" time="0.027"/>
  <testcase name="testdivisionPositiveNumbers on testdivisionPositiveNumbers(com.example.maven.calculator_niklass.CalculatorBasicOperationsTest)" classname="com.example.maven.calculator_niklass.CalculatorBasicOperationsTest" time="0.04"/>
  <testcase name="testdivisionNegativeNumbers on testdivisionNegativeNumbers(com.example.maven.calculator_niklass.CalculatorBasicOperationsTest)" classname="com.example.maven.calculator_niklass.CalculatorBasicOperationsTest" time="0.027"/>
  <testcase name="testadditionZeros on testadditionZeros(com.example.maven.calculator_niklass.CalculatorBasicOperationsTest)" classname="com.example.maven.calculator_niklass.CalculatorBasicOperationsTest" time="0.051"/>
</testsuite>